<?xml version="1.0" encoding="UTF-8"?>
<!-- Generated by org.testng.reporters.JUnitXMLReporter -->
<testsuite ignored="0" hostname="BISWAJIT2000" failures="0" tests="22" name="testng feature Testing" time="140.273" errors="0" timestamp="2022-10-25T16:01:13 IST">
  <testcase classname="readExcel.com.googleTest" name="Youtube" time="8.854"/>
  <testcase classname="readExcel.com.googleTest" name="linkTest" time="0.116"/>
  <testcase classname="readExcel.com.googleTest" name="Flipkart" time="8.696"/>
  <testcase classname="readExcel.com.googleTest" name="test1" time="0.0"/>
  <testcase classname="readExcel.com.googleTest" name="test2" time="0.0"/>
  <testcase classname="readExcel.com.googleTest" name="test3" time="0.0"/>
  <testcase classname="readExcel.com.GoogleTitleTest" name="titleTest" time="0.016"/>
  <testcase classname="readExcel.com.InvocationCountTest" name="summation" time="0.015"/>
  <testcase classname="readExcel.com.InvocationCountTest" name="summation" time="0.0"/>
  <testcase classname="readExcel.com.InvocationCountTest" name="summation" time="0.0"/>
  <testcase classname="readExcel.com.InvocationCountTest" name="summation" time="0.016"/>
  <testcase classname="readExcel.com.InvocationCountTest" name="summation" time="0.0"/>
  <testcase classname="readExcel.com.InvocationCountTest" name="summation" time="0.0"/>
  <testcase classname="readExcel.com.InvocationCountTest" name="summation" time="0.0"/>
  <testcase classname="readExcel.com.InvocationCountTest" name="summation" time="0.0"/>
  <testcase classname="readExcel.com.InvocationCountTest" name="summation" time="0.0"/>
  <testcase classname="readExcel.com.InvocationCountTest" name="summation" time="0.0"/>
  <testcase classname="readExcel.com.TestNGfeatureTest" name="loginTest" time="0.016"/>
  <testcase classname="readExcel.com.TestNGfeatureTest" name="homePage" time="0.0"/>
  <testcase classname="readExcel.com.TestNGfeatureTest" name="registrationPage" time="0.0"/>
  <testcase classname="readExcel.com.TestNGfeatureTest" name="searchBarTest" time="0.016"/>
  <testcase classname="readExcel.com.TimeOutandExceptedException" name="InvocationTimeout" time="2.017"/>
</testsuite> <!-- testng feature Testing -->
